  EmployeeMonitorClient.cpp
C:\Program Files\Microsoft Visual Studio\2022\Community\VC\Tools\MSVC\14.39.33519\include\xutility(4537,18): warning C4244: =: преобразование "const wchar_t" в "char", возможна потеря данных
  (компиляция исходного файла "EmployeeMonitorClient.cpp")
  C:\Program Files\Microsoft Visual Studio\2022\Community\VC\Tools\MSVC\14.39.33519\include\xutility(4537,18):
  контекст создания экземпляра шаблона (сначала самый старый)
  	C:\Users\MSI\Desktop\sasha\EmployeeMonitor\EmployeeMonitorClient\EmployeeMonitorClient\EmployeeMonitorClient.cpp(175,32):
  	выполняется компиляция ссылки на экземпляр шаблон функции "std::basic_string<char,std::char_traits<char>,std::allocator<char>>::basic_string<std::_String_const_iterator<std::_String_val<std::_Simple_types<_Elem>>>,0>(_Iter,_Iter,const _Alloc &)"
          with
          [
              _Elem=wchar_t,
              _Iter=std::_String_const_iterator<std::_String_val<std::_Simple_types<wchar_t>>>,
              _Alloc=std::allocator<char>
          ]
  		C:\Users\MSI\Desktop\sasha\EmployeeMonitor\EmployeeMonitorClient\EmployeeMonitorClient\EmployeeMonitorClient.cpp(175,32):
  		см. первую ссылку на std::basic_string<char,std::char_traits<char>,std::allocator<char>>::basic_string "SendDataToServer"
  	C:\Program Files\Microsoft Visual Studio\2022\Community\VC\Tools\MSVC\14.39.33519\include\xstring(2600,17):
  	выполняется компиляция ссылки на экземпляр шаблон функции "void std::basic_string<char,std::char_traits<char>,std::allocator<char>>::_Construct_from_iter<const wchar_t*,const wchar_t*,_Size_type>(_Iter,const _Sent,_Size)"
          with
          [
              _Size_type=unsigned __int64,
              _Iter=const wchar_t *,
              _Sent=const wchar_t *,
              _Size=unsigned __int64
          ]
  	C:\Program Files\Microsoft Visual Studio\2022\Community\VC\Tools\MSVC\14.39.33519\include\xstring(2756,18):
  	выполняется компиляция ссылки на экземпляр шаблон функции "_OutIt *std::_Copy_n_unchecked4<const wchar_t*,_Size,char*>(_InIt,_SizeTy,_OutIt)"
          with
          [
              _OutIt=char *,
              _Size=unsigned __int64,
              _InIt=const wchar_t *,
              _SizeTy=unsigned __int64
          ]
  
  EmployeeMonitorClient.vcxproj -> C:\Users\MSI\Desktop\sasha\EmployeeMonitor\EmployeeMonitorClient\x64\Debug\EmployeeMonitorClient.exe
